Running with PETSc on 1 MPI rank(s)...
Number of active cells: 65536
Number of degrees of freedom: 66049
   Number of active cells:       65536
   Number of degrees of freedom: 66049
Beginning Eigensolve...
Volume Average of Random Field = 0.000356813
Total Volume = 4


+---------------------------------------------+------------+------------+
| Total wallclock time elapsed since start    |       465s |            |
|                                             |            |            |
| Section                         | no. calls |  wall time | % of total |
+---------------------------------+-----------+------------+------------+
| assembly                        |         1 |      6.91s |       1.5% |
| generate random field           |         1 |   0.00961s |         0% |
| grid generator                  |         1 |       7.9s |       1.7% |
| output                          |         1 |      35.1s |       7.5% |
| setup                           |         1 |       3.5s |      0.75% |
| solver                          |         1 |       411s |        88% |
| statistics for random field     |         1 |     0.682s |      0.15% |
+---------------------------------+-----------+------------+------------+

