Running with PETSc on 3 MPI rank(s)...
Number of active cells: 354118
Number of degrees of freedom: 1050625
   Number of active cells:       1048576
   Number of degrees of freedom: 1050625
Beginning Eigensolve...
Volume Average of Random Field = 0.000114493
Total Volume = 4


+---------------------------------------------+------------+------------+
| Total wallclock time elapsed since start    |  1.09e+04s |            |
|                                             |            |            |
| Section                         | no. calls |  wall time | % of total |
+---------------------------------+-----------+------------+------------+
| assembly                        |         1 |      39.5s |      0.36% |
| generate random field           |         1 |     0.126s |         0% |
| grid generator                  |         1 |      50.9s |      0.47% |
| output                          |         1 |       187s |       1.7% |
| setup                           |         1 |      22.4s |      0.21% |
| solver                          |         1 |  1.06e+04s |        97% |
| statistics for random field     |         1 |      3.78s |         0% |
+---------------------------------+-----------+------------+------------+

