Running with PETSc on 5 MPI rank(s)...
Number of active cells: 212812
Number of degrees of freedom: 1050625
   Number of active cells:       1048576
   Number of degrees of freedom: 1050625
Beginning Eigensolve...
Volume Average of Random Field = -0.000106685
Total Volume = 4


+---------------------------------------------+------------+------------+
| Total wallclock time elapsed since start    |  8.19e+03s |            |
|                                             |            |            |
| Section                         | no. calls |  wall time | % of total |
+---------------------------------+-----------+------------+------------+
| assembly                        |         1 |        24s |      0.29% |
| generate random field           |         1 |     0.117s |         0% |
| grid generator                  |         1 |      33.2s |      0.41% |
| output                          |         1 |       116s |       1.4% |
| setup                           |         1 |      13.9s |      0.17% |
| solver                          |         1 |     8e+03s |        98% |
| statistics for random field     |         1 |       2.4s |         0% |
+---------------------------------+-----------+------------+------------+

