Running with PETSc on 2 MPI rank(s)...
Number of active cells: 527356
Number of degrees of freedom: 1050625
   Number of active cells:       1048576
   Number of degrees of freedom: 1050625
Beginning Eigensolve...
Volume Average of Random Field = -0.0001093
Total Volume = 4


+---------------------------------------------+------------+------------+
| Total wallclock time elapsed since start    |  1.36e+04s |            |
|                                             |            |            |
| Section                         | no. calls |  wall time | % of total |
+---------------------------------+-----------+------------+------------+
| assembly                        |         1 |      61.7s |      0.45% |
| generate random field           |         1 |      0.14s |         0% |
| grid generator                  |         1 |      78.3s |      0.58% |
| output                          |         1 |       296s |       2.2% |
| setup                           |         1 |      34.2s |      0.25% |
| solver                          |         1 |  1.31e+04s |        96% |
| statistics for random field     |         1 |      6.09s |         0% |
+---------------------------------+-----------+------------+------------+

